{"uid":"93db81fa2632364c","name":"test_social_links_header","fullName":"tests.sociallinksheader#test_social_links_header","historyId":"f7dc0e0e5315c5577f7f232df7b0c576","time":{"start":1771504476873,"stop":1771504487430,"duration":10557},"status":"broken","statusMessage":"selenium.common.exceptions.NoSuchElementException: Message: no such element: Unable to locate element: {\"method\":\"xpath\",\"selector\":\"//*[@id=\"fusion-app\"]/div[8]/a[1]\"}\n  (Session info: chrome=144.0.7559.132); For documentation on this error, please visit: https://www.selenium.dev/documentation/webdriver/troubleshooting/errors#nosuchelementexception\nStacktrace:\n#0 0x556034756a4a <unknown>\n#1 0x55603416f6a2 <unknown>\n#2 0x5560341c4a8d <unknown>\n#3 0x5560341c4cd1 <unknown>\n#4 0x5560342105c4 <unknown>\n#5 0x55603420d7f0 <unknown>\n#6 0x5560341b68b2 <unknown>\n#7 0x5560341b76a1 <unknown>\n#8 0x55603471c8a9 <unknown>\n#9 0x55603471f7b1 <unknown>\n#10 0x556034708ea9 <unknown>\n#11 0x55603472036e <unknown>\n#12 0x5560346ef410 <unknown>\n#13 0x5560347440c8 <unknown>\n#14 0x55603474429b <unknown>\n#15 0x556034755db8 <unknown>\n#16 0x7fb3ebc9caa4 <unknown>\n#17 0x7fb3ebd29c6c <unknown>","statusTrace":"driver = <selenium.webdriver.chrome.webdriver.WebDriver (session=\"721ea272e14ae56631a6ed666f127403\")>\n\n    @allure.feature(\"Header\")\n    @allure.story(\"Validación de Redes Sociales\")\n    def test_social_links_header(driver):\n        url_home = \"https://tn.com.ar/\"\n        wait = WebDriverWait(driver, 25)\n    \n        # 1. NAVEGACIÓN Y LOCALIZACIÓN\n        with allure.step(\"1. Navegar a la Home y localizar redes sociales del Header\"):\n            driver.get(url_home)\n    \n            # Cierre de popup inicial si aparece\n            try:\n                btn_aceptar = WebDriverWait(driver, 10).until(\n                    EC.element_to_be_clickable((By.XPATH, \"//button[contains(text(),'ACEPTAR')]\")))\n                driver.execute_script(\"arguments[0].click();\", btn_aceptar)\n            except:\n                pass\n    \n            xpath_contenedor = '//*[@id=\"fusion-app\"]/div[8]'\n            contenedor = wait.until(EC.presence_of_element_located((By.XPATH, xpath_contenedor)))\n    \n            # Centrar el contenedor para la captura de contexto\n            driver.execute_script(\"arguments[0].scrollIntoView({block: 'center'});\", contenedor)\n            time.sleep(2)\n    \n            allure.attach(\n                driver.get_screenshot_as_png(),\n                name=\"Captura_Seccion_Header_Social\",\n                attachment_type=allure.attachment_type.PNG\n            )\n    \n        # 2. CONFIGURACIÓN DE REDES (Mismo orden que el sitio)\n        ventana_principal = driver.current_window_handle\n        redes_header = {\n            \"Google\": '//*[@id=\"fusion-app\"]/div[8]/a[1]',\n            \"Facebook\": '//*[@id=\"fusion-app\"]/div[8]/a[2]',\n            \"TikTok\": '//*[@id=\"fusion-app\"]/div[8]/a[3]',\n            \"Instagram\": '//*[@id=\"fusion-app\"]/div[8]/a[4]',\n            \"X\": '//*[@id=\"fusion-app\"]/div[8]/a[5]',\n            \"YouTube\": '//*[@id=\"fusion-app\"]/div[8]/a[6]'\n    \n        }\n    \n        # 3. CICLO DE VALIDACIÓN CON CAPTURAS\n        for nombre, xpath in redes_header.items():\n            with allure.step(f\"Validar red social header: {nombre}\"):\n>               link_elemento = driver.find_element(By.XPATH, xpath)\n\ntests/sociallinksheader.py:54: \n_ _ _ _ _ _ _ _ _ _ _ _ _ _ _ _ _ _ _ _ _ _ _ _ _ _ _ _ _ _ _ _ _ _ _ _ _ _ _ _ \n/opt/hostedtoolcache/Python/3.10.19/x64/lib/python3.10/site-packages/selenium/webdriver/remote/webdriver.py:802: in find_element\n    return self.execute(Command.FIND_ELEMENT, {\"using\": by, \"value\": value})[\"value\"]\n/opt/hostedtoolcache/Python/3.10.19/x64/lib/python3.10/site-packages/selenium/webdriver/remote/webdriver.py:432: in execute\n    self.error_handler.check_response(response)\n_ _ _ _ _ _ _ _ _ _ _ _ _ _ _ _ _ _ _ _ _ _ _ _ _ _ _ _ _ _ _ _ _ _ _ _ _ _ _ _ \n\nself = <selenium.webdriver.remote.errorhandler.ErrorHandler object at 0x7f70659e5d20>\nresponse = {'status': 404, 'value': '{\"value\":{\"error\":\"no such element\",\"message\":\"no such element: Unable to locate element: {\\...\\\\n#15 0x556034755db8 \\\\u003Cunknown>\\\\n#16 0x7fb3ebc9caa4 \\\\u003Cunknown>\\\\n#17 0x7fb3ebd29c6c \\\\u003Cunknown>\\\\n\"}}'}\n\n    def check_response(self, response: dict[str, Any]) -> None:\n        \"\"\"Check that a JSON response from the WebDriver does not have an error.\n    \n        Args:\n            response: The JSON response from the WebDriver server as a dictionary\n                object.\n    \n        Raises:\n            WebDriverException: If the response contains an error message.\n        \"\"\"\n        status = response.get(\"status\", None)\n        if not status or status == ErrorCode.SUCCESS:\n            return\n        value = None\n        message = response.get(\"message\", \"\")\n        screen: str = response.get(\"screen\", \"\")\n        stacktrace = None\n        if isinstance(status, int):\n            value_json = response.get(\"value\", None)\n            if value_json and isinstance(value_json, str):\n                try:\n                    value = json.loads(value_json)\n                    if isinstance(value, dict):\n                        if len(value) == 1:\n                            value = value[\"value\"]\n                        status = value.get(\"error\", None)\n                        if not status:\n                            status = value.get(\"status\", ErrorCode.UNKNOWN_ERROR)\n                            message = value.get(\"value\") or value.get(\"message\")\n                            if not isinstance(message, str):\n                                value = message\n                                message = message.get(\"message\") if isinstance(message, dict) else None\n                        else:\n                            message = value.get(\"message\", None)\n                except ValueError:\n                    pass\n    \n        exception_class: type[WebDriverException]\n        e = ErrorCode()\n        error_codes = [item for item in dir(e) if not item.startswith(\"__\")]\n        for error_code in error_codes:\n            error_info = getattr(ErrorCode, error_code)\n            if isinstance(error_info, list) and status in error_info:\n                exception_class = getattr(ExceptionMapping, error_code, WebDriverException)\n                break\n        else:\n            exception_class = WebDriverException\n    \n        if not value:\n            value = response[\"value\"]\n        if isinstance(value, str):\n            raise exception_class(value)\n        if message == \"\" and \"message\" in value:\n            message = value[\"message\"]\n    \n        screen = None  # type: ignore[assignment]\n        if \"screen\" in value:\n            screen = value[\"screen\"]\n    \n        stacktrace = None\n        st_value = value.get(\"stackTrace\") or value.get(\"stacktrace\")\n        if st_value:\n            if isinstance(st_value, str):\n                stacktrace = st_value.split(\"\\n\")\n            else:\n                stacktrace = []\n                try:\n                    for frame in st_value:\n                        line = frame.get(\"lineNumber\", \"\")\n                        file = frame.get(\"fileName\", \"<anonymous>\")\n                        if line:\n                            file = f\"{file}:{line}\"\n                        meth = frame.get(\"methodName\", \"<anonymous>\")\n                        if \"className\" in frame:\n                            meth = f\"{frame['className']}.{meth}\"\n                        msg = \"    at %s (%s)\"\n                        msg = msg % (meth, file)\n                        stacktrace.append(msg)\n                except TypeError:\n                    pass\n        if exception_class == UnexpectedAlertPresentException:\n            alert_text = None\n            if \"data\" in value:\n                alert_text = value[\"data\"].get(\"text\")\n            elif \"alert\" in value:\n                alert_text = value[\"alert\"].get(\"text\")\n            raise exception_class(message, screen, stacktrace, alert_text)  # type: ignore[call-arg]  # mypy is not smart enough here\n>       raise exception_class(message, screen, stacktrace)\nE       selenium.common.exceptions.NoSuchElementException: Message: no such element: Unable to locate element: {\"method\":\"xpath\",\"selector\":\"//*[@id=\"fusion-app\"]/div[8]/a[1]\"}\nE         (Session info: chrome=144.0.7559.132); For documentation on this error, please visit: https://www.selenium.dev/documentation/webdriver/troubleshooting/errors#nosuchelementexception\nE       Stacktrace:\nE       #0 0x556034756a4a <unknown>\nE       #1 0x55603416f6a2 <unknown>\nE       #2 0x5560341c4a8d <unknown>\nE       #3 0x5560341c4cd1 <unknown>\nE       #4 0x5560342105c4 <unknown>\nE       #5 0x55603420d7f0 <unknown>\nE       #6 0x5560341b68b2 <unknown>\nE       #7 0x5560341b76a1 <unknown>\nE       #8 0x55603471c8a9 <unknown>\nE       #9 0x55603471f7b1 <unknown>\nE       #10 0x556034708ea9 <unknown>\nE       #11 0x55603472036e <unknown>\nE       #12 0x5560346ef410 <unknown>\nE       #13 0x5560347440c8 <unknown>\nE       #14 0x55603474429b <unknown>\nE       #15 0x556034755db8 <unknown>\nE       #16 0x7fb3ebc9caa4 <unknown>\nE       #17 0x7fb3ebd29c6c <unknown>\n\n/opt/hostedtoolcache/Python/3.10.19/x64/lib/python3.10/site-packages/selenium/webdriver/remote/errorhandler.py:232: NoSuchElementException","flaky":false,"newFailed":false,"newBroken":false,"newPassed":false,"retriesCount":0,"retriesStatusChange":false,"beforeStages":[{"name":"driver","time":{"start":1771504476582,"stop":1771504476873,"duration":291},"status":"passed","steps":[],"attachments":[],"parameters":[],"stepsCount":0,"shouldDisplayMessage":false,"attachmentsCount":0,"hasContent":false,"attachmentStep":false}],"testStage":{"status":"broken","statusMessage":"selenium.common.exceptions.NoSuchElementException: Message: no such element: Unable to locate element: {\"method\":\"xpath\",\"selector\":\"//*[@id=\"fusion-app\"]/div[8]/a[1]\"}\n  (Session info: chrome=144.0.7559.132); For documentation on this error, please visit: https://www.selenium.dev/documentation/webdriver/troubleshooting/errors#nosuchelementexception\nStacktrace:\n#0 0x556034756a4a <unknown>\n#1 0x55603416f6a2 <unknown>\n#2 0x5560341c4a8d <unknown>\n#3 0x5560341c4cd1 <unknown>\n#4 0x5560342105c4 <unknown>\n#5 0x55603420d7f0 <unknown>\n#6 0x5560341b68b2 <unknown>\n#7 0x5560341b76a1 <unknown>\n#8 0x55603471c8a9 <unknown>\n#9 0x55603471f7b1 <unknown>\n#10 0x556034708ea9 <unknown>\n#11 0x55603472036e <unknown>\n#12 0x5560346ef410 <unknown>\n#13 0x5560347440c8 <unknown>\n#14 0x55603474429b <unknown>\n#15 0x556034755db8 <unknown>\n#16 0x7fb3ebc9caa4 <unknown>\n#17 0x7fb3ebd29c6c <unknown>","statusTrace":"driver = <selenium.webdriver.chrome.webdriver.WebDriver (session=\"721ea272e14ae56631a6ed666f127403\")>\n\n    @allure.feature(\"Header\")\n    @allure.story(\"Validación de Redes Sociales\")\n    def test_social_links_header(driver):\n        url_home = \"https://tn.com.ar/\"\n        wait = WebDriverWait(driver, 25)\n    \n        # 1. NAVEGACIÓN Y LOCALIZACIÓN\n        with allure.step(\"1. Navegar a la Home y localizar redes sociales del Header\"):\n            driver.get(url_home)\n    \n            # Cierre de popup inicial si aparece\n            try:\n                btn_aceptar = WebDriverWait(driver, 10).until(\n                    EC.element_to_be_clickable((By.XPATH, \"//button[contains(text(),'ACEPTAR')]\")))\n                driver.execute_script(\"arguments[0].click();\", btn_aceptar)\n            except:\n                pass\n    \n            xpath_contenedor = '//*[@id=\"fusion-app\"]/div[8]'\n            contenedor = wait.until(EC.presence_of_element_located((By.XPATH, xpath_contenedor)))\n    \n            # Centrar el contenedor para la captura de contexto\n            driver.execute_script(\"arguments[0].scrollIntoView({block: 'center'});\", contenedor)\n            time.sleep(2)\n    \n            allure.attach(\n                driver.get_screenshot_as_png(),\n                name=\"Captura_Seccion_Header_Social\",\n                attachment_type=allure.attachment_type.PNG\n            )\n    \n        # 2. CONFIGURACIÓN DE REDES (Mismo orden que el sitio)\n        ventana_principal = driver.current_window_handle\n        redes_header = {\n            \"Google\": '//*[@id=\"fusion-app\"]/div[8]/a[1]',\n            \"Facebook\": '//*[@id=\"fusion-app\"]/div[8]/a[2]',\n            \"TikTok\": '//*[@id=\"fusion-app\"]/div[8]/a[3]',\n            \"Instagram\": '//*[@id=\"fusion-app\"]/div[8]/a[4]',\n            \"X\": '//*[@id=\"fusion-app\"]/div[8]/a[5]',\n            \"YouTube\": '//*[@id=\"fusion-app\"]/div[8]/a[6]'\n    \n        }\n    \n        # 3. CICLO DE VALIDACIÓN CON CAPTURAS\n        for nombre, xpath in redes_header.items():\n            with allure.step(f\"Validar red social header: {nombre}\"):\n>               link_elemento = driver.find_element(By.XPATH, xpath)\n\ntests/sociallinksheader.py:54: \n_ _ _ _ _ _ _ _ _ _ _ _ _ _ _ _ _ _ _ _ _ _ _ _ _ _ _ _ _ _ _ _ _ _ _ _ _ _ _ _ \n/opt/hostedtoolcache/Python/3.10.19/x64/lib/python3.10/site-packages/selenium/webdriver/remote/webdriver.py:802: in find_element\n    return self.execute(Command.FIND_ELEMENT, {\"using\": by, \"value\": value})[\"value\"]\n/opt/hostedtoolcache/Python/3.10.19/x64/lib/python3.10/site-packages/selenium/webdriver/remote/webdriver.py:432: in execute\n    self.error_handler.check_response(response)\n_ _ _ _ _ _ _ _ _ _ _ _ _ _ _ _ _ _ _ _ _ _ _ _ _ _ _ _ _ _ _ _ _ _ _ _ _ _ _ _ \n\nself = <selenium.webdriver.remote.errorhandler.ErrorHandler object at 0x7f70659e5d20>\nresponse = {'status': 404, 'value': '{\"value\":{\"error\":\"no such element\",\"message\":\"no such element: Unable to locate element: {\\...\\\\n#15 0x556034755db8 \\\\u003Cunknown>\\\\n#16 0x7fb3ebc9caa4 \\\\u003Cunknown>\\\\n#17 0x7fb3ebd29c6c \\\\u003Cunknown>\\\\n\"}}'}\n\n    def check_response(self, response: dict[str, Any]) -> None:\n        \"\"\"Check that a JSON response from the WebDriver does not have an error.\n    \n        Args:\n            response: The JSON response from the WebDriver server as a dictionary\n                object.\n    \n        Raises:\n            WebDriverException: If the response contains an error message.\n        \"\"\"\n        status = response.get(\"status\", None)\n        if not status or status == ErrorCode.SUCCESS:\n            return\n        value = None\n        message = response.get(\"message\", \"\")\n        screen: str = response.get(\"screen\", \"\")\n        stacktrace = None\n        if isinstance(status, int):\n            value_json = response.get(\"value\", None)\n            if value_json and isinstance(value_json, str):\n                try:\n                    value = json.loads(value_json)\n                    if isinstance(value, dict):\n                        if len(value) == 1:\n                            value = value[\"value\"]\n                        status = value.get(\"error\", None)\n                        if not status:\n                            status = value.get(\"status\", ErrorCode.UNKNOWN_ERROR)\n                            message = value.get(\"value\") or value.get(\"message\")\n                            if not isinstance(message, str):\n                                value = message\n                                message = message.get(\"message\") if isinstance(message, dict) else None\n                        else:\n                            message = value.get(\"message\", None)\n                except ValueError:\n                    pass\n    \n        exception_class: type[WebDriverException]\n        e = ErrorCode()\n        error_codes = [item for item in dir(e) if not item.startswith(\"__\")]\n        for error_code in error_codes:\n            error_info = getattr(ErrorCode, error_code)\n            if isinstance(error_info, list) and status in error_info:\n                exception_class = getattr(ExceptionMapping, error_code, WebDriverException)\n                break\n        else:\n            exception_class = WebDriverException\n    \n        if not value:\n            value = response[\"value\"]\n        if isinstance(value, str):\n            raise exception_class(value)\n        if message == \"\" and \"message\" in value:\n            message = value[\"message\"]\n    \n        screen = None  # type: ignore[assignment]\n        if \"screen\" in value:\n            screen = value[\"screen\"]\n    \n        stacktrace = None\n        st_value = value.get(\"stackTrace\") or value.get(\"stacktrace\")\n        if st_value:\n            if isinstance(st_value, str):\n                stacktrace = st_value.split(\"\\n\")\n            else:\n                stacktrace = []\n                try:\n                    for frame in st_value:\n                        line = frame.get(\"lineNumber\", \"\")\n                        file = frame.get(\"fileName\", \"<anonymous>\")\n                        if line:\n                            file = f\"{file}:{line}\"\n                        meth = frame.get(\"methodName\", \"<anonymous>\")\n                        if \"className\" in frame:\n                            meth = f\"{frame['className']}.{meth}\"\n                        msg = \"    at %s (%s)\"\n                        msg = msg % (meth, file)\n                        stacktrace.append(msg)\n                except TypeError:\n                    pass\n        if exception_class == UnexpectedAlertPresentException:\n            alert_text = None\n            if \"data\" in value:\n                alert_text = value[\"data\"].get(\"text\")\n            elif \"alert\" in value:\n                alert_text = value[\"alert\"].get(\"text\")\n            raise exception_class(message, screen, stacktrace, alert_text)  # type: ignore[call-arg]  # mypy is not smart enough here\n>       raise exception_class(message, screen, stacktrace)\nE       selenium.common.exceptions.NoSuchElementException: Message: no such element: Unable to locate element: {\"method\":\"xpath\",\"selector\":\"//*[@id=\"fusion-app\"]/div[8]/a[1]\"}\nE         (Session info: chrome=144.0.7559.132); For documentation on this error, please visit: https://www.selenium.dev/documentation/webdriver/troubleshooting/errors#nosuchelementexception\nE       Stacktrace:\nE       #0 0x556034756a4a <unknown>\nE       #1 0x55603416f6a2 <unknown>\nE       #2 0x5560341c4a8d <unknown>\nE       #3 0x5560341c4cd1 <unknown>\nE       #4 0x5560342105c4 <unknown>\nE       #5 0x55603420d7f0 <unknown>\nE       #6 0x5560341b68b2 <unknown>\nE       #7 0x5560341b76a1 <unknown>\nE       #8 0x55603471c8a9 <unknown>\nE       #9 0x55603471f7b1 <unknown>\nE       #10 0x556034708ea9 <unknown>\nE       #11 0x55603472036e <unknown>\nE       #12 0x5560346ef410 <unknown>\nE       #13 0x5560347440c8 <unknown>\nE       #14 0x55603474429b <unknown>\nE       #15 0x556034755db8 <unknown>\nE       #16 0x7fb3ebc9caa4 <unknown>\nE       #17 0x7fb3ebd29c6c <unknown>\n\n/opt/hostedtoolcache/Python/3.10.19/x64/lib/python3.10/site-packages/selenium/webdriver/remote/errorhandler.py:232: NoSuchElementException","steps":[{"name":"1. Navegar a la Home y localizar redes sociales del Header","time":{"start":1771504476873,"stop":1771504487412,"duration":10539},"status":"passed","steps":[],"attachments":[{"uid":"521e0b8fb4de657d","name":"Captura_Seccion_Header_Social","source":"521e0b8fb4de657d.png","type":"image/png","size":805470}],"parameters":[],"stepsCount":0,"shouldDisplayMessage":false,"attachmentsCount":1,"hasContent":true,"attachmentStep":false},{"name":"Validar red social header: Google","time":{"start":1771504487412,"stop":1771504487429,"duration":17},"status":"broken","statusMessage":"selenium.common.exceptions.NoSuchElementException: Message: no such element: Unable to locate element: {\"method\":\"xpath\",\"selector\":\"//*[@id=\"fusion-app\"]/div[8]/a[1]\"}\n  (Session info: chrome=144.0.7559.132); For documentation on this error, please visit: https://www.selenium.dev/documentation/webdriver/troubleshooting/errors#nosuchelementexception\nStacktrace:\n#0 0x556034756a4a <unknown>\n#1 0x55603416f6a2 <unknown>\n#2 0x5560341c4a8d <unknown>\n#3 0x5560341c4cd1 <unknown>\n#4 0x5560342105c4 <unknown>\n#5 0x55603420d7f0 <unknown>\n#6 0x5560341b68b2 <unknown>\n#7 0x5560341b76a1 <unknown>\n#8 0x55603471c8a9 <unknown>\n#9 0x55603471f7b1 <unknown>\n#10 0x556034708ea9 <unknown>\n#11 0x55603472036e <unknown>\n#12 0x5560346ef410 <unknown>\n#13 0x5560347440c8 <unknown>\n#14 0x55603474429b <unknown>\n#15 0x556034755db8 <unknown>\n#16 0x7fb3ebc9caa4 <unknown>\n#17 0x7fb3ebd29c6c <unknown>\n\n","statusTrace":"  File \"/home/runner/work/QA-Regresion-Funcional/QA-Regresion-Funcional/tests/sociallinksheader.py\", line 54, in test_social_links_header\n    link_elemento = driver.find_element(By.XPATH, xpath)\n  File \"/opt/hostedtoolcache/Python/3.10.19/x64/lib/python3.10/site-packages/selenium/webdriver/remote/webdriver.py\", line 802, in find_element\n    return self.execute(Command.FIND_ELEMENT, {\"using\": by, \"value\": value})[\"value\"]\n  File \"/opt/hostedtoolcache/Python/3.10.19/x64/lib/python3.10/site-packages/selenium/webdriver/remote/webdriver.py\", line 432, in execute\n    self.error_handler.check_response(response)\n  File \"/opt/hostedtoolcache/Python/3.10.19/x64/lib/python3.10/site-packages/selenium/webdriver/remote/errorhandler.py\", line 232, in check_response\n    raise exception_class(message, screen, stacktrace)\n","steps":[],"attachments":[],"parameters":[],"stepsCount":0,"shouldDisplayMessage":true,"attachmentsCount":0,"hasContent":true,"attachmentStep":false}],"attachments":[],"parameters":[],"stepsCount":2,"shouldDisplayMessage":true,"attachmentsCount":1,"hasContent":true,"attachmentStep":false},"afterStages":[{"name":"driver::0","time":{"start":1771504487461,"stop":1771504487532,"duration":71},"status":"passed","steps":[],"attachments":[],"parameters":[],"stepsCount":0,"shouldDisplayMessage":false,"attachmentsCount":0,"hasContent":false,"attachmentStep":false}],"labels":[{"name":"story","value":"Validación de Redes Sociales"},{"name":"feature","value":"Header"},{"name":"parentSuite","value":"tests"},{"name":"suite","value":"sociallinksheader"},{"name":"host","value":"runnervmjduv7"},{"name":"thread","value":"2597-MainThread"},{"name":"framework","value":"pytest"},{"name":"language","value":"cpython3"},{"name":"package","value":"tests.sociallinksheader"},{"name":"resultFormat","value":"allure2"}],"parameters":[],"links":[],"hidden":false,"retry":false,"extra":{"severity":"normal","retries":[],"categories":[{"name":"Test defects","matchedStatuses":[],"flaky":false}],"tags":[]},"source":"93db81fa2632364c.json","parameterValues":[]}